{"C:\\Users\\user\\Desktop\\REACT2026\\react-forms\\src\\app\\hooks.ts": {"path":"C:\\Users\\user\\Desktop\\REACT2026\\react-forms\\src\\app\\hooks.ts","statementMap":{"0":{"start":{"line":17,"column":2},"end":{"line":17,"column":null}},"1":{"start":{"line":20,"column":2},"end":{"line":20,"column":null}}},"fnMap":{},"branchMap":{},"s":{"0":2,"1":2},"f":{},"b":{},"meta":{"lastBranch":0,"lastFunction":0,"lastStatement":2,"seen":{"s:17:2:17:Infinity":0,"s:20:2:20:Infinity":1}}}
,"C:\\Users\\user\\Desktop\\REACT2026\\react-forms\\src\\components\\Modal\\Modal.tsx": {"path":"C:\\Users\\user\\Desktop\\REACT2026\\react-forms\\src\\components\\Modal\\Modal.tsx","statementMap":{"0":{"start":{"line":18,"column":8},"end":{"line":18,"column":null}},"1":{"start":{"line":19,"column":8},"end":{"line":19,"column":null}},"2":{"start":{"line":21,"column":2},"end":{"line":45,"column":null}},"3":{"start":{"line":22,"column":4},"end":{"line":24,"column":null}},"4":{"start":{"line":23,"column":6},"end":{"line":23,"column":null}},"5":{"start":{"line":26,"column":10},"end":{"line":32,"column":null}},"6":{"start":{"line":29,"column":6},"end":{"line":31,"column":null}},"7":{"start":{"line":30,"column":8},"end":{"line":30,"column":null}},"8":{"start":{"line":34,"column":4},"end":{"line":37,"column":null}},"9":{"start":{"line":39,"column":4},"end":{"line":44,"column":null}},"10":{"start":{"line":40,"column":6},"end":{"line":43,"column":null}},"11":{"start":{"line":47,"column":2},"end":{"line":51,"column":null}},"12":{"start":{"line":48,"column":4},"end":{"line":50,"column":null}},"13":{"start":{"line":49,"column":6},"end":{"line":49,"column":null}},"14":{"start":{"line":53,"column":8},"end":{"line":59,"column":null}},"15":{"start":{"line":56,"column":4},"end":{"line":58,"column":null}},"16":{"start":{"line":57,"column":6},"end":{"line":57,"column":null}},"17":{"start":{"line":61,"column":2},"end":{"line":63,"column":null}},"18":{"start":{"line":62,"column":4},"end":{"line":62,"column":null}},"19":{"start":{"line":65,"column":1},"end":{"line":90,"column":null}}},"fnMap":{"0":{"name":"Modal","decl":{"start":{"line":12,"column":16},"end":{"line":12,"column":22}},"loc":{"start":{"line":17,"column":15},"end":{"line":91,"column":null}},"line":17},"1":{"name":"(anonymous_1)","decl":{"start":{"line":21,"column":2},"end":{"line":21,"column":18}},"loc":{"start":{"line":21,"column":18},"end":{"line":45,"column":5}},"line":21},"2":{"name":"(anonymous_2)","decl":{"start":{"line":26,"column":10},"end":{"line":26,"column":null}},"loc":{"start":{"line":28,"column":9},"end":{"line":32,"column":null}},"line":28},"3":{"name":"(anonymous_3)","decl":{"start":{"line":39,"column":4},"end":{"line":39,"column":17}},"loc":{"start":{"line":39,"column":17},"end":{"line":44,"column":null}},"line":39},"4":{"name":"(anonymous_4)","decl":{"start":{"line":47,"column":2},"end":{"line":47,"column":18}},"loc":{"start":{"line":47,"column":18},"end":{"line":51,"column":5}},"line":47},"5":{"name":"(anonymous_5)","decl":{"start":{"line":53,"column":8},"end":{"line":53,"column":null}},"loc":{"start":{"line":55,"column":7},"end":{"line":59,"column":null}},"line":55}},"branchMap":{"0":{"loc":{"start":{"line":22,"column":4},"end":{"line":24,"column":null}},"type":"if","locations":[{"start":{"line":22,"column":4},"end":{"line":24,"column":null}},{"start":{},"end":{}}],"line":22},"1":{"loc":{"start":{"line":29,"column":6},"end":{"line":31,"column":null}},"type":"if","locations":[{"start":{"line":29,"column":6},"end":{"line":31,"column":null}},{"start":{},"end":{}}],"line":29},"2":{"loc":{"start":{"line":48,"column":4},"end":{"line":50,"column":null}},"type":"if","locations":[{"start":{"line":48,"column":4},"end":{"line":50,"column":null}},{"start":{},"end":{}}],"line":48},"3":{"loc":{"start":{"line":56,"column":4},"end":{"line":58,"column":null}},"type":"if","locations":[{"start":{"line":56,"column":4},"end":{"line":58,"column":null}},{"start":{},"end":{}}],"line":56},"4":{"loc":{"start":{"line":61,"column":2},"end":{"line":63,"column":null}},"type":"if","locations":[{"start":{"line":61,"column":2},"end":{"line":63,"column":null}},{"start":{},"end":{}}],"line":61}},"s":{"0":2,"1":2,"2":2,"3":2,"4":1,"5":1,"6":0,"7":0,"8":1,"9":1,"10":0,"11":2,"12":2,"13":1,"14":2,"15":0,"16":0,"17":2,"18":1,"19":1},"f":{"0":2,"1":2,"2":0,"3":0,"4":2,"5":0},"b":{"0":[1,1],"1":[0,0],"2":[1,1],"3":[0,0],"4":[1,1]},"meta":{"lastBranch":5,"lastFunction":6,"lastStatement":20,"seen":{"f:12:16:12:22":0,"s:18:8:18:Infinity":0,"s:19:8:19:Infinity":1,"s:21:2:45:Infinity":2,"f:21:2:21:18":1,"b:22:4:24:Infinity:undefined:undefined:undefined:undefined":0,"s:22:4:24:Infinity":3,"s:23:6:23:Infinity":4,"s:26:10:32:Infinity":5,"f:26:10:26:Infinity":2,"b:29:6:31:Infinity:undefined:undefined:undefined:undefined":1,"s:29:6:31:Infinity":6,"s:30:8:30:Infinity":7,"s:34:4:37:Infinity":8,"s:39:4:44:Infinity":9,"f:39:4:39:17":3,"s:40:6:43:Infinity":10,"s:47:2:51:Infinity":11,"f:47:2:47:18":4,"b:48:4:50:Infinity:undefined:undefined:undefined:undefined":2,"s:48:4:50:Infinity":12,"s:49:6:49:Infinity":13,"s:53:8:59:Infinity":14,"f:53:8:53:Infinity":5,"b:56:4:58:Infinity:undefined:undefined:undefined:undefined":3,"s:56:4:58:Infinity":15,"s:57:6:57:Infinity":16,"b:61:2:63:Infinity:undefined:undefined:undefined:undefined":4,"s:61:2:63:Infinity":17,"s:62:4:62:Infinity":18,"s:65:1:90:Infinity":19}}}
,"C:\\Users\\user\\Desktop\\REACT2026\\react-forms\\src\\features\\countries\\countriesSlice.ts": {"path":"C:\\Users\\user\\Desktop\\REACT2026\\react-forms\\src\\features\\countries\\countriesSlice.ts","statementMap":{"0":{"start":{"line":7,"column":37},"end":{"line":28,"column":null}},"1":{"start":{"line":30,"column":6},"end":{"line":34,"column":null}}},"fnMap":{},"branchMap":{},"s":{"0":2,"1":2},"f":{},"b":{},"meta":{"lastBranch":0,"lastFunction":0,"lastStatement":2,"seen":{"s:7:37:28:Infinity":0,"s:30:6:34:Infinity":1}}}
,"C:\\Users\\user\\Desktop\\REACT2026\\react-forms\\src\\features\\forms\\RHFForm.tsx": {"path":"C:\\Users\\user\\Desktop\\REACT2026\\react-forms\\src\\features\\forms\\RHFForm.tsx","statementMap":{"0":{"start":{"line":20,"column":8},"end":{"line":20,"column":null}},"1":{"start":{"line":21,"column":8},"end":{"line":21,"column":null}},"2":{"start":{"line":21,"column":46},"end":{"line":21,"column":71}},"3":{"start":{"line":23,"column":24},"end":{"line":23,"column":null}},"4":{"start":{"line":30,"column":4},"end":{"line":36,"column":null}},"5":{"start":{"line":38,"column":8},"end":{"line":45,"column":null}},"6":{"start":{"line":39,"column":16},"end":{"line":39,"column":null}},"7":{"start":{"line":40,"column":4},"end":{"line":40,"column":null}},"8":{"start":{"line":40,"column":29},"end":{"line":40,"column":null}},"9":{"start":{"line":41,"column":4},"end":{"line":41,"column":null}},"10":{"start":{"line":41,"column":29},"end":{"line":41,"column":null}},"11":{"start":{"line":42,"column":4},"end":{"line":42,"column":null}},"12":{"start":{"line":42,"column":29},"end":{"line":42,"column":null}},"13":{"start":{"line":43,"column":4},"end":{"line":43,"column":null}},"14":{"start":{"line":43,"column":36},"end":{"line":43,"column":null}},"15":{"start":{"line":44,"column":4},"end":{"line":44,"column":null}},"16":{"start":{"line":47,"column":19},"end":{"line":47,"column":null}},"17":{"start":{"line":50,"column":4},"end":{"line":54,"column":null}},"18":{"start":{"line":57,"column":4},"end":{"line":57,"column":null}},"19":{"start":{"line":59,"column":46},"end":{"line":90,"column":null}},"20":{"start":{"line":60,"column":17},"end":{"line":60,"column":null}},"21":{"start":{"line":62,"column":22},"end":{"line":62,"column":null}},"22":{"start":{"line":64,"column":4},"end":{"line":66,"column":null}},"23":{"start":{"line":65,"column":6},"end":{"line":65,"column":null}},"24":{"start":{"line":68,"column":4},"end":{"line":71,"column":null}},"25":{"start":{"line":69,"column":6},"end":{"line":69,"column":null}},"26":{"start":{"line":70,"column":6},"end":{"line":70,"column":null}},"27":{"start":{"line":73,"column":4},"end":{"line":85,"column":null}},"28":{"start":{"line":87,"column":4},"end":{"line":87,"column":null}},"29":{"start":{"line":88,"column":4},"end":{"line":88,"column":null}},"30":{"start":{"line":89,"column":4},"end":{"line":89,"column":null}},"31":{"start":{"line":93,"column":4},"end":{"line":93,"column":null}},"32":{"start":{"line":95,"column":2},"end":{"line":209,"column":null}},"33":{"start":{"line":145,"column":12},"end":{"line":145,"column":null}},"34":{"start":{"line":159,"column":27},"end":{"line":159,"column":null}}},"fnMap":{"0":{"name":"ReactHookForm","decl":{"start":{"line":17,"column":16},"end":{"line":17,"column":30}},"loc":{"start":{"line":19,"column":23},"end":{"line":211,"column":null}},"line":19},"1":{"name":"(anonymous_1)","decl":{"start":{"line":21,"column":20},"end":{"line":21,"column":36}},"loc":{"start":{"line":21,"column":46},"end":{"line":21,"column":71}},"line":21},"2":{"name":"(anonymous_2)","decl":{"start":{"line":38,"column":8},"end":{"line":38,"column":23}},"loc":{"start":{"line":38,"column":41},"end":{"line":45,"column":null}},"line":38},"3":{"name":"(anonymous_3)","decl":{"start":{"line":59,"column":46},"end":{"line":59,"column":53}},"loc":{"start":{"line":59,"column":62},"end":{"line":90,"column":null}},"line":59},"4":{"name":"(anonymous_4)","decl":{"start":{"line":144,"column":21},"end":{"line":144,"column":26}},"loc":{"start":{"line":145,"column":12},"end":{"line":145,"column":null}},"line":145},"5":{"name":"(anonymous_5)","decl":{"start":{"line":159,"column":10},"end":{"line":159,"column":21}},"loc":{"start":{"line":159,"column":27},"end":{"line":159,"column":null}},"line":159}},"branchMap":{"0":{"loc":{"start":{"line":40,"column":4},"end":{"line":40,"column":null}},"type":"if","locations":[{"start":{"line":40,"column":4},"end":{"line":40,"column":null}},{"start":{},"end":{}}],"line":40},"1":{"loc":{"start":{"line":41,"column":4},"end":{"line":41,"column":null}},"type":"if","locations":[{"start":{"line":41,"column":4},"end":{"line":41,"column":null}},{"start":{},"end":{}}],"line":41},"2":{"loc":{"start":{"line":42,"column":4},"end":{"line":42,"column":null}},"type":"if","locations":[{"start":{"line":42,"column":4},"end":{"line":42,"column":null}},{"start":{},"end":{}}],"line":42},"3":{"loc":{"start":{"line":43,"column":4},"end":{"line":43,"column":null}},"type":"if","locations":[{"start":{"line":43,"column":4},"end":{"line":43,"column":null}},{"start":{},"end":{}}],"line":43},"4":{"loc":{"start":{"line":50,"column":4},"end":{"line":54,"column":null}},"type":"cond-expr","locations":[{"start":{"line":51,"column":8},"end":{"line":51,"column":null}},{"start":{"line":52,"column":8},"end":{"line":54,"column":null}}],"line":50},"5":{"loc":{"start":{"line":52,"column":8},"end":{"line":54,"column":null}},"type":"cond-expr","locations":[{"start":{"line":53,"column":10},"end":{"line":53,"column":null}},{"start":{"line":54,"column":10},"end":{"line":54,"column":null}}],"line":52},"6":{"loc":{"start":{"line":57,"column":4},"end":{"line":57,"column":null}},"type":"cond-expr","locations":[{"start":{"line":57,"column":20},"end":{"line":57,"column":29}},{"start":{"line":57,"column":29},"end":{"line":57,"column":null}}],"line":57},"7":{"loc":{"start":{"line":57,"column":29},"end":{"line":57,"column":null}},"type":"cond-expr","locations":[{"start":{"line":57,"column":46},"end":{"line":57,"column":57}},{"start":{"line":57,"column":57},"end":{"line":57,"column":null}}],"line":57},"8":{"loc":{"start":{"line":64,"column":4},"end":{"line":66,"column":null}},"type":"if","locations":[{"start":{"line":64,"column":4},"end":{"line":66,"column":null}},{"start":{},"end":{}}],"line":64},"9":{"loc":{"start":{"line":68,"column":4},"end":{"line":71,"column":null}},"type":"if","locations":[{"start":{"line":68,"column":4},"end":{"line":71,"column":null}},{"start":{},"end":{}}],"line":68},"10":{"loc":{"start":{"line":104,"column":9},"end":{"line":104,"column":null}},"type":"binary-expr","locations":[{"start":{"line":104,"column":9},"end":{"line":104,"column":24}},{"start":{"line":104,"column":24},"end":{"line":104,"column":null}}],"line":104},"11":{"loc":{"start":{"line":115,"column":9},"end":{"line":115,"column":null}},"type":"binary-expr","locations":[{"start":{"line":115,"column":9},"end":{"line":115,"column":23}},{"start":{"line":115,"column":23},"end":{"line":115,"column":null}}],"line":115},"12":{"loc":{"start":{"line":121,"column":9},"end":{"line":121,"column":null}},"type":"binary-expr","locations":[{"start":{"line":121,"column":9},"end":{"line":121,"column":25}},{"start":{"line":121,"column":25},"end":{"line":121,"column":null}}],"line":121},"13":{"loc":{"start":{"line":131,"column":9},"end":{"line":132,"column":null}},"type":"binary-expr","locations":[{"start":{"line":131,"column":9},"end":{"line":131,"column":null}},{"start":{"line":132,"column":10},"end":{"line":132,"column":null}}],"line":131},"14":{"loc":{"start":{"line":148,"column":9},"end":{"line":149,"column":null}},"type":"binary-expr","locations":[{"start":{"line":148,"column":9},"end":{"line":148,"column":null}},{"start":{"line":149,"column":10},"end":{"line":149,"column":null}}],"line":148},"15":{"loc":{"start":{"line":164,"column":9},"end":{"line":165,"column":null}},"type":"binary-expr","locations":[{"start":{"line":164,"column":9},"end":{"line":164,"column":null}},{"start":{"line":165,"column":10},"end":{"line":165,"column":null}}],"line":164},"16":{"loc":{"start":{"line":177,"column":9},"end":{"line":178,"column":null}},"type":"binary-expr","locations":[{"start":{"line":177,"column":9},"end":{"line":177,"column":null}},{"start":{"line":178,"column":10},"end":{"line":178,"column":null}}],"line":177},"17":{"loc":{"start":{"line":185,"column":9},"end":{"line":186,"column":null}},"type":"binary-expr","locations":[{"start":{"line":185,"column":9},"end":{"line":185,"column":null}},{"start":{"line":186,"column":10},"end":{"line":186,"column":null}}],"line":185},"18":{"loc":{"start":{"line":195,"column":7},"end":{"line":196,"column":null}},"type":"binary-expr","locations":[{"start":{"line":195,"column":7},"end":{"line":195,"column":null}},{"start":{"line":196,"column":8},"end":{"line":196,"column":null}}],"line":195},"19":{"loc":{"start":{"line":202,"column":10},"end":{"line":204,"column":null}},"type":"cond-expr","locations":[{"start":{"line":203,"column":14},"end":{"line":203,"column":null}},{"start":{"line":204,"column":14},"end":{"line":204,"column":null}}],"line":202}},"s":{"0":2,"1":2,"2":3,"3":2,"4":2,"5":2,"6":2,"7":2,"8":0,"9":2,"10":0,"11":2,"12":0,"13":2,"14":0,"15":2,"16":2,"17":2,"18":2,"19":2,"20":0,"21":0,"22":0,"23":0,"24":0,"25":0,"26":0,"27":0,"28":0,"29":0,"30":0,"31":2,"32":2,"33":6,"34":0},"f":{"0":2,"1":3,"2":2,"3":0,"4":6,"5":0},"b":{"0":[0,2],"1":[0,2],"2":[0,2],"3":[0,2],"4":[2,0],"5":[0,0],"6":[2,0],"7":[0,0],"8":[0,0],"9":[0,0],"10":[2,0],"11":[2,0],"12":[2,0],"13":[2,0],"14":[2,0],"15":[2,0],"16":[2,0],"17":[2,0],"18":[2,0],"19":[0,2]},"meta":{"lastBranch":20,"lastFunction":6,"lastStatement":35,"seen":{"f:17:16:17:30":0,"s:20:8:20:Infinity":0,"s:21:8:21:Infinity":1,"f:21:20:21:36":1,"s:21:46:21:71":2,"s:23:24:23:Infinity":3,"s:30:4:36:Infinity":4,"s:38:8:45:Infinity":5,"f:38:8:38:23":2,"s:39:16:39:Infinity":6,"b:40:4:40:Infinity:undefined:undefined:undefined:undefined":0,"s:40:4:40:Infinity":7,"s:40:29:40:Infinity":8,"b:41:4:41:Infinity:undefined:undefined:undefined:undefined":1,"s:41:4:41:Infinity":9,"s:41:29:41:Infinity":10,"b:42:4:42:Infinity:undefined:undefined:undefined:undefined":2,"s:42:4:42:Infinity":11,"s:42:29:42:Infinity":12,"b:43:4:43:Infinity:undefined:undefined:undefined:undefined":3,"s:43:4:43:Infinity":13,"s:43:36:43:Infinity":14,"s:44:4:44:Infinity":15,"s:47:19:47:Infinity":16,"s:50:4:54:Infinity":17,"b:51:8:51:Infinity:52:8:54:Infinity":4,"b:53:10:53:Infinity:54:10:54:Infinity":5,"s:57:4:57:Infinity":18,"b:57:20:57:29:57:29:57:Infinity":6,"b:57:46:57:57:57:57:57:Infinity":7,"s:59:46:90:Infinity":19,"f:59:46:59:53":3,"s:60:17:60:Infinity":20,"s:62:22:62:Infinity":21,"b:64:4:66:Infinity:undefined:undefined:undefined:undefined":8,"s:64:4:66:Infinity":22,"s:65:6:65:Infinity":23,"b:68:4:71:Infinity:undefined:undefined:undefined:undefined":9,"s:68:4:71:Infinity":24,"s:69:6:69:Infinity":25,"s:70:6:70:Infinity":26,"s:73:4:85:Infinity":27,"s:87:4:87:Infinity":28,"s:88:4:88:Infinity":29,"s:89:4:89:Infinity":30,"s:93:4:93:Infinity":31,"s:95:2:209:Infinity":32,"b:104:9:104:24:104:24:104:Infinity":10,"b:115:9:115:23:115:23:115:Infinity":11,"b:121:9:121:25:121:25:121:Infinity":12,"b:131:9:131:Infinity:132:10:132:Infinity":13,"f:144:21:144:26":4,"s:145:12:145:Infinity":33,"b:148:9:148:Infinity:149:10:149:Infinity":14,"f:159:10:159:21":5,"s:159:27:159:Infinity":34,"b:164:9:164:Infinity:165:10:165:Infinity":15,"b:177:9:177:Infinity:178:10:178:Infinity":16,"b:185:9:185:Infinity:186:10:186:Infinity":17,"b:195:7:195:Infinity:196:8:196:Infinity":18,"b:203:14:203:Infinity:204:14:204:Infinity":19}}}
,"C:\\Users\\user\\Desktop\\REACT2026\\react-forms\\src\\features\\forms\\UncontrolledForm.tsx": {"path":"C:\\Users\\user\\Desktop\\REACT2026\\react-forms\\src\\features\\forms\\UncontrolledForm.tsx","statementMap":{"0":{"start":{"line":13,"column":2},"end":{"line":13,"column":null}},"1":{"start":{"line":14,"column":17},"end":{"line":14,"column":null}},"2":{"start":{"line":15,"column":24},"end":{"line":15,"column":null}},"3":{"start":{"line":17,"column":8},"end":{"line":17,"column":null}},"4":{"start":{"line":18,"column":8},"end":{"line":18,"column":null}},"5":{"start":{"line":18,"column":46},"end":{"line":18,"column":71}},"6":{"start":{"line":20,"column":8},"end":{"line":27,"column":null}},"7":{"start":{"line":21,"column":16},"end":{"line":21,"column":null}},"8":{"start":{"line":22,"column":4},"end":{"line":22,"column":null}},"9":{"start":{"line":22,"column":29},"end":{"line":22,"column":null}},"10":{"start":{"line":23,"column":4},"end":{"line":23,"column":null}},"11":{"start":{"line":23,"column":29},"end":{"line":23,"column":null}},"12":{"start":{"line":24,"column":4},"end":{"line":24,"column":null}},"13":{"start":{"line":24,"column":29},"end":{"line":24,"column":null}},"14":{"start":{"line":25,"column":4},"end":{"line":25,"column":null}},"15":{"start":{"line":25,"column":36},"end":{"line":25,"column":null}},"16":{"start":{"line":26,"column":4},"end":{"line":26,"column":null}},"17":{"start":{"line":29,"column":19},"end":{"line":29,"column":null}},"18":{"start":{"line":32,"column":4},"end":{"line":36,"column":null}},"19":{"start":{"line":39,"column":4},"end":{"line":39,"column":null}},"20":{"start":{"line":41,"column":23},"end":{"line":98,"column":null}},"21":{"start":{"line":42,"column":4},"end":{"line":42,"column":null}},"22":{"start":{"line":44,"column":21},"end":{"line":44,"column":null}},"23":{"start":{"line":45,"column":17},"end":{"line":45,"column":null}},"24":{"start":{"line":47,"column":22},"end":{"line":47,"column":null}},"25":{"start":{"line":48,"column":22},"end":{"line":48,"column":null}},"26":{"start":{"line":50,"column":19},"end":{"line":63,"column":null}},"27":{"start":{"line":65,"column":4},"end":{"line":68,"column":null}},"28":{"start":{"line":66,"column":6},"end":{"line":66,"column":null}},"29":{"start":{"line":67,"column":6},"end":{"line":67,"column":null}},"30":{"start":{"line":70,"column":4},"end":{"line":72,"column":null}},"31":{"start":{"line":71,"column":6},"end":{"line":71,"column":null}},"32":{"start":{"line":74,"column":4},"end":{"line":77,"column":null}},"33":{"start":{"line":75,"column":6},"end":{"line":75,"column":null}},"34":{"start":{"line":76,"column":6},"end":{"line":76,"column":null}},"35":{"start":{"line":79,"column":4},"end":{"line":79,"column":null}},"36":{"start":{"line":81,"column":4},"end":{"line":93,"column":null}},"37":{"start":{"line":95,"column":4},"end":{"line":95,"column":null}},"38":{"start":{"line":96,"column":4},"end":{"line":96,"column":null}},"39":{"start":{"line":97,"column":4},"end":{"line":97,"column":null}},"40":{"start":{"line":101,"column":4},"end":{"line":101,"column":null}},"41":{"start":{"line":103,"column":2},"end":{"line":237,"column":null}},"42":{"start":{"line":163,"column":12},"end":{"line":163,"column":null}},"43":{"start":{"line":180,"column":27},"end":{"line":180,"column":null}}},"fnMap":{"0":{"name":"UncontrolledForm","decl":{"start":{"line":10,"column":16},"end":{"line":10,"column":33}},"loc":{"start":{"line":12,"column":26},"end":{"line":239,"column":null}},"line":12},"1":{"name":"(anonymous_1)","decl":{"start":{"line":18,"column":20},"end":{"line":18,"column":36}},"loc":{"start":{"line":18,"column":46},"end":{"line":18,"column":71}},"line":18},"2":{"name":"(anonymous_2)","decl":{"start":{"line":20,"column":8},"end":{"line":20,"column":23}},"loc":{"start":{"line":20,"column":41},"end":{"line":27,"column":null}},"line":20},"3":{"name":"(anonymous_3)","decl":{"start":{"line":41,"column":23},"end":{"line":41,"column":30}},"loc":{"start":{"line":41,"column":70},"end":{"line":98,"column":null}},"line":41},"4":{"name":"(anonymous_4)","decl":{"start":{"line":162,"column":21},"end":{"line":162,"column":26}},"loc":{"start":{"line":163,"column":12},"end":{"line":163,"column":null}},"line":163},"5":{"name":"(anonymous_5)","decl":{"start":{"line":180,"column":10},"end":{"line":180,"column":21}},"loc":{"start":{"line":180,"column":27},"end":{"line":180,"column":null}},"line":180}},"branchMap":{"0":{"loc":{"start":{"line":22,"column":4},"end":{"line":22,"column":null}},"type":"if","locations":[{"start":{"line":22,"column":4},"end":{"line":22,"column":null}},{"start":{},"end":{}}],"line":22},"1":{"loc":{"start":{"line":23,"column":4},"end":{"line":23,"column":null}},"type":"if","locations":[{"start":{"line":23,"column":4},"end":{"line":23,"column":null}},{"start":{},"end":{}}],"line":23},"2":{"loc":{"start":{"line":24,"column":4},"end":{"line":24,"column":null}},"type":"if","locations":[{"start":{"line":24,"column":4},"end":{"line":24,"column":null}},{"start":{},"end":{}}],"line":24},"3":{"loc":{"start":{"line":25,"column":4},"end":{"line":25,"column":null}},"type":"if","locations":[{"start":{"line":25,"column":4},"end":{"line":25,"column":null}},{"start":{},"end":{}}],"line":25},"4":{"loc":{"start":{"line":32,"column":4},"end":{"line":36,"column":null}},"type":"cond-expr","locations":[{"start":{"line":33,"column":8},"end":{"line":33,"column":null}},{"start":{"line":34,"column":8},"end":{"line":36,"column":null}}],"line":32},"5":{"loc":{"start":{"line":34,"column":8},"end":{"line":36,"column":null}},"type":"cond-expr","locations":[{"start":{"line":35,"column":10},"end":{"line":35,"column":null}},{"start":{"line":36,"column":10},"end":{"line":36,"column":null}}],"line":34},"6":{"loc":{"start":{"line":39,"column":4},"end":{"line":39,"column":null}},"type":"cond-expr","locations":[{"start":{"line":39,"column":20},"end":{"line":39,"column":29}},{"start":{"line":39,"column":29},"end":{"line":39,"column":null}}],"line":39},"7":{"loc":{"start":{"line":39,"column":29},"end":{"line":39,"column":null}},"type":"cond-expr","locations":[{"start":{"line":39,"column":46},"end":{"line":39,"column":57}},{"start":{"line":39,"column":57},"end":{"line":39,"column":null}}],"line":39},"8":{"loc":{"start":{"line":51,"column":19},"end":{"line":51,"column":34}},"type":"binary-expr","locations":[{"start":{"line":51,"column":19},"end":{"line":51,"column":32}},{"start":{"line":51,"column":32},"end":{"line":51,"column":34}}],"line":51},"9":{"loc":{"start":{"line":53,"column":20},"end":{"line":53,"column":36}},"type":"binary-expr","locations":[{"start":{"line":53,"column":20},"end":{"line":53,"column":34}},{"start":{"line":53,"column":34},"end":{"line":53,"column":36}}],"line":53},"10":{"loc":{"start":{"line":54,"column":21},"end":{"line":54,"column":38}},"type":"binary-expr","locations":[{"start":{"line":54,"column":21},"end":{"line":54,"column":36}},{"start":{"line":54,"column":36},"end":{"line":54,"column":38}}],"line":54},"11":{"loc":{"start":{"line":55,"column":22},"end":{"line":55,"column":40}},"type":"binary-expr","locations":[{"start":{"line":55,"column":22},"end":{"line":55,"column":38}},{"start":{"line":55,"column":38},"end":{"line":55,"column":40}}],"line":55},"12":{"loc":{"start":{"line":56,"column":23},"end":{"line":56,"column":42}},"type":"binary-expr","locations":[{"start":{"line":56,"column":23},"end":{"line":56,"column":40}},{"start":{"line":56,"column":40},"end":{"line":56,"column":42}}],"line":56},"13":{"loc":{"start":{"line":57,"column":30},"end":{"line":57,"column":56}},"type":"binary-expr","locations":[{"start":{"line":57,"column":30},"end":{"line":57,"column":54}},{"start":{"line":57,"column":54},"end":{"line":57,"column":56}}],"line":57},"14":{"loc":{"start":{"line":60,"column":8},"end":{"line":62,"column":null}},"type":"cond-expr","locations":[{"start":{"line":61,"column":12},"end":{"line":61,"column":null}},{"start":{"line":62,"column":12},"end":{"line":62,"column":null}}],"line":60},"15":{"loc":{"start":{"line":60,"column":8},"end":{"line":60,"column":null}},"type":"binary-expr","locations":[{"start":{"line":60,"column":8},"end":{"line":60,"column":37}},{"start":{"line":60,"column":37},"end":{"line":60,"column":null}}],"line":60},"16":{"loc":{"start":{"line":65,"column":4},"end":{"line":68,"column":null}},"type":"if","locations":[{"start":{"line":65,"column":4},"end":{"line":68,"column":null}},{"start":{},"end":{}}],"line":65},"17":{"loc":{"start":{"line":70,"column":4},"end":{"line":72,"column":null}},"type":"if","locations":[{"start":{"line":70,"column":4},"end":{"line":72,"column":null}},{"start":{},"end":{}}],"line":70},"18":{"loc":{"start":{"line":70,"column":8},"end":{"line":70,"column":57}},"type":"binary-expr","locations":[{"start":{"line":70,"column":8},"end":{"line":70,"column":37}},{"start":{"line":70,"column":37},"end":{"line":70,"column":57}}],"line":70},"19":{"loc":{"start":{"line":74,"column":4},"end":{"line":77,"column":null}},"type":"if","locations":[{"start":{"line":74,"column":4},"end":{"line":77,"column":null}},{"start":{},"end":{}}],"line":74},"20":{"loc":{"start":{"line":114,"column":9},"end":{"line":115,"column":null}},"type":"binary-expr","locations":[{"start":{"line":114,"column":9},"end":{"line":114,"column":null}},{"start":{"line":115,"column":10},"end":{"line":115,"column":null}}],"line":114},"21":{"loc":{"start":{"line":124,"column":9},"end":{"line":124,"column":null}},"type":"binary-expr","locations":[{"start":{"line":124,"column":9},"end":{"line":124,"column":23}},{"start":{"line":124,"column":23},"end":{"line":124,"column":null}}],"line":124},"22":{"loc":{"start":{"line":132,"column":9},"end":{"line":133,"column":null}},"type":"binary-expr","locations":[{"start":{"line":132,"column":9},"end":{"line":132,"column":null}},{"start":{"line":133,"column":10},"end":{"line":133,"column":null}}],"line":132},"23":{"loc":{"start":{"line":146,"column":9},"end":{"line":147,"column":null}},"type":"binary-expr","locations":[{"start":{"line":146,"column":9},"end":{"line":146,"column":null}},{"start":{"line":147,"column":10},"end":{"line":147,"column":null}}],"line":146},"24":{"loc":{"start":{"line":166,"column":9},"end":{"line":167,"column":null}},"type":"binary-expr","locations":[{"start":{"line":166,"column":9},"end":{"line":166,"column":null}},{"start":{"line":167,"column":10},"end":{"line":167,"column":null}}],"line":166},"25":{"loc":{"start":{"line":187,"column":9},"end":{"line":188,"column":null}},"type":"binary-expr","locations":[{"start":{"line":187,"column":9},"end":{"line":187,"column":null}},{"start":{"line":188,"column":10},"end":{"line":188,"column":null}}],"line":187},"26":{"loc":{"start":{"line":202,"column":9},"end":{"line":203,"column":null}},"type":"binary-expr","locations":[{"start":{"line":202,"column":9},"end":{"line":202,"column":null}},{"start":{"line":203,"column":10},"end":{"line":203,"column":null}}],"line":202},"27":{"loc":{"start":{"line":218,"column":9},"end":{"line":219,"column":null}},"type":"binary-expr","locations":[{"start":{"line":218,"column":9},"end":{"line":218,"column":null}},{"start":{"line":219,"column":10},"end":{"line":219,"column":null}}],"line":218},"28":{"loc":{"start":{"line":230,"column":7},"end":{"line":231,"column":null}},"type":"binary-expr","locations":[{"start":{"line":230,"column":7},"end":{"line":230,"column":null}},{"start":{"line":231,"column":8},"end":{"line":231,"column":null}}],"line":230}},"s":{"0":1,"1":1,"2":1,"3":1,"4":1,"5":2,"6":1,"7":1,"8":1,"9":0,"10":1,"11":0,"12":1,"13":0,"14":1,"15":0,"16":1,"17":1,"18":1,"19":1,"20":1,"21":0,"22":0,"23":0,"24":0,"25":0,"26":0,"27":0,"28":0,"29":0,"30":0,"31":0,"32":0,"33":0,"34":0,"35":0,"36":0,"37":0,"38":0,"39":0,"40":1,"41":1,"42":18,"43":0},"f":{"0":1,"1":2,"2":1,"3":0,"4":18,"5":0},"b":{"0":[0,1],"1":[0,1],"2":[0,1],"3":[0,1],"4":[1,0],"5":[0,0],"6":[1,0],"7":[0,0],"8":[0,0],"9":[0,0],"10":[0,0],"11":[0,0],"12":[0,0],"13":[0,0],"14":[0,0],"15":[0,0],"16":[0,0],"17":[0,0],"18":[0,0],"19":[0,0],"20":[1,0],"21":[1,0],"22":[1,0],"23":[1,0],"24":[1,0],"25":[1,0],"26":[1,0],"27":[1,0],"28":[1,0]},"meta":{"lastBranch":29,"lastFunction":6,"lastStatement":44,"seen":{"f:10:16:10:33":0,"s:13:2:13:Infinity":0,"s:14:17:14:Infinity":1,"s:15:24:15:Infinity":2,"s:17:8:17:Infinity":3,"s:18:8:18:Infinity":4,"f:18:20:18:36":1,"s:18:46:18:71":5,"s:20:8:27:Infinity":6,"f:20:8:20:23":2,"s:21:16:21:Infinity":7,"b:22:4:22:Infinity:undefined:undefined:undefined:undefined":0,"s:22:4:22:Infinity":8,"s:22:29:22:Infinity":9,"b:23:4:23:Infinity:undefined:undefined:undefined:undefined":1,"s:23:4:23:Infinity":10,"s:23:29:23:Infinity":11,"b:24:4:24:Infinity:undefined:undefined:undefined:undefined":2,"s:24:4:24:Infinity":12,"s:24:29:24:Infinity":13,"b:25:4:25:Infinity:undefined:undefined:undefined:undefined":3,"s:25:4:25:Infinity":14,"s:25:36:25:Infinity":15,"s:26:4:26:Infinity":16,"s:29:19:29:Infinity":17,"s:32:4:36:Infinity":18,"b:33:8:33:Infinity:34:8:36:Infinity":4,"b:35:10:35:Infinity:36:10:36:Infinity":5,"s:39:4:39:Infinity":19,"b:39:20:39:29:39:29:39:Infinity":6,"b:39:46:39:57:39:57:39:Infinity":7,"s:41:23:98:Infinity":20,"f:41:23:41:30":3,"s:42:4:42:Infinity":21,"s:44:21:44:Infinity":22,"s:45:17:45:Infinity":23,"s:47:22:47:Infinity":24,"s:48:22:48:Infinity":25,"s:50:19:63:Infinity":26,"b:51:19:51:32:51:32:51:34":8,"b:53:20:53:34:53:34:53:36":9,"b:54:21:54:36:54:36:54:38":10,"b:55:22:55:38:55:38:55:40":11,"b:56:23:56:40:56:40:56:42":12,"b:57:30:57:54:57:54:57:56":13,"b:61:12:61:Infinity:62:12:62:Infinity":14,"b:60:8:60:37:60:37:60:Infinity":15,"b:65:4:68:Infinity:undefined:undefined:undefined:undefined":16,"s:65:4:68:Infinity":27,"s:66:6:66:Infinity":28,"s:67:6:67:Infinity":29,"b:70:4:72:Infinity:undefined:undefined:undefined:undefined":17,"s:70:4:72:Infinity":30,"b:70:8:70:37:70:37:70:57":18,"s:71:6:71:Infinity":31,"b:74:4:77:Infinity:undefined:undefined:undefined:undefined":19,"s:74:4:77:Infinity":32,"s:75:6:75:Infinity":33,"s:76:6:76:Infinity":34,"s:79:4:79:Infinity":35,"s:81:4:93:Infinity":36,"s:95:4:95:Infinity":37,"s:96:4:96:Infinity":38,"s:97:4:97:Infinity":39,"s:101:4:101:Infinity":40,"s:103:2:237:Infinity":41,"b:114:9:114:Infinity:115:10:115:Infinity":20,"b:124:9:124:23:124:23:124:Infinity":21,"b:132:9:132:Infinity:133:10:133:Infinity":22,"b:146:9:146:Infinity:147:10:147:Infinity":23,"f:162:21:162:26":4,"s:163:12:163:Infinity":42,"b:166:9:166:Infinity:167:10:167:Infinity":24,"f:180:10:180:21":5,"s:180:27:180:Infinity":43,"b:187:9:187:Infinity:188:10:188:Infinity":25,"b:202:9:202:Infinity:203:10:203:Infinity":26,"b:218:9:218:Infinity:219:10:219:Infinity":27,"b:230:7:230:Infinity:231:8:231:Infinity":28}}}
,"C:\\Users\\user\\Desktop\\REACT2026\\react-forms\\src\\features\\submissions\\submissionsSlice.ts": {"path":"C:\\Users\\user\\Desktop\\REACT2026\\react-forms\\src\\features\\submissions\\submissionsSlice.ts","statementMap":{"0":{"start":{"line":9,"column":39},"end":{"line":11,"column":null}},"1":{"start":{"line":13,"column":6},"end":{"line":24,"column":null}},"2":{"start":{"line":21,"column":6},"end":{"line":21,"column":null}},"3":{"start":{"line":27,"column":2},"end":{"line":27,"column":null}}},"fnMap":{"0":{"name":"(anonymous_0)","decl":{"start":{"line":17,"column":4},"end":{"line":17,"column":null}},"loc":{"start":{"line":20,"column":9},"end":{"line":22,"column":null}},"line":20}},"branchMap":{},"s":{"0":3,"1":3,"2":1,"3":3},"f":{"0":1},"b":{},"meta":{"lastBranch":0,"lastFunction":1,"lastStatement":4,"seen":{"s:9:39:11:Infinity":0,"s:13:6:24:Infinity":1,"f:17:4:17:Infinity":0,"s:21:6:21:Infinity":2,"s:27:2:27:Infinity":3}}}
,"C:\\Users\\user\\Desktop\\REACT2026\\react-forms\\src\\schemas\\formSchema.ts": {"path":"C:\\Users\\user\\Desktop\\REACT2026\\react-forms\\src\\schemas\\formSchema.ts","statementMap":{"0":{"start":{"line":6,"column":26},"end":{"line":64,"column":null}},"1":{"start":{"line":11,"column":25},"end":{"line":11,"column":63}},"2":{"start":{"line":29,"column":39},"end":{"line":29,"column":53}},"3":{"start":{"line":35,"column":23},"end":{"line":35,"column":42}},"4":{"start":{"line":39,"column":15},"end":{"line":39,"column":null}},"5":{"start":{"line":40,"column":2},"end":{"line":40,"column":null}},"6":{"start":{"line":40,"column":13},"end":{"line":40,"column":null}},"7":{"start":{"line":41,"column":2},"end":{"line":41,"column":null}},"8":{"start":{"line":46,"column":15},"end":{"line":46,"column":null}},"9":{"start":{"line":47,"column":2},"end":{"line":47,"column":null}},"10":{"start":{"line":47,"column":13},"end":{"line":47,"column":null}},"11":{"start":{"line":49,"column":2},"end":{"line":49,"column":null}},"12":{"start":{"line":55,"column":4},"end":{"line":63,"column":null}},"13":{"start":{"line":56,"column":6},"end":{"line":62,"column":null}}},"fnMap":{"0":{"name":"(anonymous_0)","decl":{"start":{"line":11,"column":7},"end":{"line":11,"column":15}},"loc":{"start":{"line":11,"column":25},"end":{"line":11,"column":63}},"line":11},"1":{"name":"(anonymous_1)","decl":{"start":{"line":29,"column":23},"end":{"line":29,"column":31}},"loc":{"start":{"line":29,"column":39},"end":{"line":29,"column":53}},"line":29},"2":{"name":"(anonymous_2)","decl":{"start":{"line":35,"column":5},"end":{"line":35,"column":13}},"loc":{"start":{"line":35,"column":23},"end":{"line":35,"column":42}},"line":35},"3":{"name":"(anonymous_3)","decl":{"start":{"line":38,"column":2},"end":{"line":38,"column":10}},"loc":{"start":{"line":38,"column":20},"end":{"line":42,"column":3}},"line":38},"4":{"name":"(anonymous_4)","decl":{"start":{"line":45,"column":1},"end":{"line":45,"column":9}},"loc":{"start":{"line":45,"column":19},"end":{"line":50,"column":3}},"line":45},"5":{"name":"(anonymous_5)","decl":{"start":{"line":54,"column":3},"end":{"line":54,"column":16}},"loc":{"start":{"line":54,"column":30},"end":{"line":64,"column":3}},"line":54}},"branchMap":{"0":{"loc":{"start":{"line":40,"column":2},"end":{"line":40,"column":null}},"type":"if","locations":[{"start":{"line":40,"column":2},"end":{"line":40,"column":null}},{"start":{},"end":{}}],"line":40},"1":{"loc":{"start":{"line":47,"column":2},"end":{"line":47,"column":null}},"type":"if","locations":[{"start":{"line":47,"column":2},"end":{"line":47,"column":null}},{"start":{},"end":{}}],"line":47},"2":{"loc":{"start":{"line":55,"column":4},"end":{"line":63,"column":null}},"type":"if","locations":[{"start":{"line":55,"column":4},"end":{"line":63,"column":null}},{"start":{},"end":{}}],"line":55}},"s":{"0":2,"1":1,"2":1,"3":1,"4":1,"5":1,"6":1,"7":0,"8":1,"9":1,"10":1,"11":0,"12":0,"13":0},"f":{"0":1,"1":1,"2":1,"3":1,"4":1,"5":0},"b":{"0":[1,0],"1":[1,0],"2":[0,0]},"meta":{"lastBranch":3,"lastFunction":6,"lastStatement":14,"seen":{"s:6:26:64:Infinity":0,"f:11:7:11:15":0,"s:11:25:11:63":1,"f:29:23:29:31":1,"s:29:39:29:53":2,"f:35:5:35:13":2,"s:35:23:35:42":3,"f:38:2:38:10":3,"s:39:15:39:Infinity":4,"b:40:2:40:Infinity:undefined:undefined:undefined:undefined":0,"s:40:2:40:Infinity":5,"s:40:13:40:Infinity":6,"s:41:2:41:Infinity":7,"f:45:1:45:9":4,"s:46:15:46:Infinity":8,"b:47:2:47:Infinity:undefined:undefined:undefined:undefined":1,"s:47:2:47:Infinity":9,"s:47:13:47:Infinity":10,"s:49:2:49:Infinity":11,"f:54:3:54:16":5,"b:55:4:63:Infinity:undefined:undefined:undefined:undefined":2,"s:55:4:63:Infinity":12,"s:56:6:62:Infinity":13}}}
,"C:\\Users\\user\\Desktop\\REACT2026\\react-forms\\src\\utils\\constants.ts": {"path":"C:\\Users\\user\\Desktop\\REACT2026\\react-forms\\src\\utils\\constants.ts","statementMap":{"0":{"start":{"line":2,"column":2},"end":{"line":2,"column":null}},"1":{"start":{"line":4,"column":35},"end":{"line":7,"column":null}}},"fnMap":{},"branchMap":{},"s":{"0":2,"1":2},"f":{},"b":{},"meta":{"lastBranch":0,"lastFunction":0,"lastStatement":2,"seen":{"s:2:2:2:Infinity":0,"s:4:35:7:Infinity":1}}}
,"C:\\Users\\user\\Desktop\\REACT2026\\react-forms\\src\\utils\\emailValidation.ts": {"path":"C:\\Users\\user\\Desktop\\REACT2026\\react-forms\\src\\utils\\emailValidation.ts","statementMap":{"0":{"start":{"line":4,"column":16},"end":{"line":4,"column":null}},"1":{"start":{"line":6,"column":2},"end":{"line":8,"column":null}},"2":{"start":{"line":7,"column":4},"end":{"line":7,"column":null}},"3":{"start":{"line":10,"column":30},"end":{"line":10,"column":null}},"4":{"start":{"line":12,"column":2},"end":{"line":14,"column":null}},"5":{"start":{"line":13,"column":4},"end":{"line":13,"column":null}},"6":{"start":{"line":16,"column":2},"end":{"line":18,"column":null}},"7":{"start":{"line":17,"column":4},"end":{"line":17,"column":null}},"8":{"start":{"line":20,"column":2},"end":{"line":20,"column":null}}},"fnMap":{"0":{"name":"isValidEmail","decl":{"start":{"line":1,"column":16},"end":{"line":1,"column":null}},"loc":{"start":{"line":3,"column":11},"end":{"line":21,"column":null}},"line":3}},"branchMap":{"0":{"loc":{"start":{"line":6,"column":2},"end":{"line":8,"column":null}},"type":"if","locations":[{"start":{"line":6,"column":2},"end":{"line":8,"column":null}},{"start":{},"end":{}}],"line":6},"1":{"loc":{"start":{"line":12,"column":2},"end":{"line":14,"column":null}},"type":"if","locations":[{"start":{"line":12,"column":2},"end":{"line":14,"column":null}},{"start":{},"end":{}}],"line":12},"2":{"loc":{"start":{"line":16,"column":2},"end":{"line":18,"column":null}},"type":"if","locations":[{"start":{"line":16,"column":2},"end":{"line":18,"column":null}},{"start":{},"end":{}}],"line":16}},"s":{"0":10,"1":10,"2":3,"3":7,"4":7,"5":2,"6":5,"7":2,"8":3},"f":{"0":10},"b":{"0":[3,7],"1":[2,5],"2":[2,3]},"meta":{"lastBranch":3,"lastFunction":1,"lastStatement":9,"seen":{"f:1:16:1:Infinity":0,"s:4:16:4:Infinity":0,"b:6:2:8:Infinity:undefined:undefined:undefined:undefined":0,"s:6:2:8:Infinity":1,"s:7:4:7:Infinity":2,"s:10:30:10:Infinity":3,"b:12:2:14:Infinity:undefined:undefined:undefined:undefined":1,"s:12:2:14:Infinity":4,"s:13:4:13:Infinity":5,"b:16:2:18:Infinity:undefined:undefined:undefined:undefined":2,"s:16:2:18:Infinity":6,"s:17:4:17:Infinity":7,"s:20:2:20:Infinity":8}}}
,"C:\\Users\\user\\Desktop\\REACT2026\\react-forms\\src\\utils\\fileToBase64.ts": {"path":"C:\\Users\\user\\Desktop\\REACT2026\\react-forms\\src\\utils\\fileToBase64.ts","statementMap":{"0":{"start":{"line":4,"column":2},"end":{"line":24,"column":null}},"1":{"start":{"line":6,"column":21},"end":{"line":6,"column":null}},"2":{"start":{"line":8,"column":6},"end":{"line":12,"column":null}},"3":{"start":{"line":9,"column":8},"end":{"line":11,"column":null}},"4":{"start":{"line":14,"column":6},"end":{"line":20,"column":null}},"5":{"start":{"line":15,"column":8},"end":{"line":19,"column":null}},"6":{"start":{"line":22,"column":6},"end":{"line":22,"column":null}}},"fnMap":{"0":{"name":"fileToBase64","decl":{"start":{"line":1,"column":16},"end":{"line":1,"column":null}},"loc":{"start":{"line":3,"column":19},"end":{"line":25,"column":null}},"line":3},"1":{"name":"(anonymous_1)","decl":{"start":{"line":4,"column":13},"end":{"line":4,"column":null}},"loc":{"start":{"line":5,"column":25},"end":{"line":23,"column":null}},"line":5},"2":{"name":"(anonymous_2)","decl":{"start":{"line":8,"column":13},"end":{"line":8,"column":28}},"loc":{"start":{"line":8,"column":28},"end":{"line":12,"column":null}},"line":8},"3":{"name":"(anonymous_3)","decl":{"start":{"line":14,"column":13},"end":{"line":14,"column":29}},"loc":{"start":{"line":14,"column":29},"end":{"line":20,"column":null}},"line":14}},"branchMap":{},"s":{"0":0,"1":0,"2":0,"3":0,"4":0,"5":0,"6":0},"f":{"0":0,"1":0,"2":0,"3":0},"b":{},"meta":{"lastBranch":0,"lastFunction":4,"lastStatement":7,"seen":{"f:1:16:1:Infinity":0,"s:4:2:24:Infinity":0,"f:4:13:4:Infinity":1,"s:6:21:6:Infinity":1,"s:8:6:12:Infinity":2,"f:8:13:8:28":2,"s:9:8:11:Infinity":3,"s:14:6:20:Infinity":4,"f:14:13:14:29":3,"s:15:8:19:Infinity":5,"s:22:6:22:Infinity":6}}}
,"C:\\Users\\user\\Desktop\\REACT2026\\react-forms\\src\\utils\\passwordStrength.ts": {"path":"C:\\Users\\user\\Desktop\\REACT2026\\react-forms\\src\\utils\\passwordStrength.ts","statementMap":{"0":{"start":{"line":11,"column":2},"end":{"line":19,"column":null}}},"fnMap":{"0":{"name":"getPasswordStrength","decl":{"start":{"line":8,"column":16},"end":{"line":8,"column":null}},"loc":{"start":{"line":10,"column":20},"end":{"line":20,"column":null}},"line":10}},"branchMap":{},"s":{"0":7},"f":{"0":7},"b":{},"meta":{"lastBranch":0,"lastFunction":1,"lastStatement":1,"seen":{"f:8:16:8:Infinity":0,"s:11:2:19:Infinity":0}}}
}
